WARNING:root:Automatically setting rho to 0.289
INFO:root:Starting ADMM phase 1 with tol 0.010
INFO:root:Starting ADMM phase 2 with rho 0.289
INFO:root:Iteration 0, violation 5.019
INFO:root:Iteration 1, violation 4.984
INFO:root:Iteration 2, violation 4.932
INFO:root:Iteration 3, violation 4.863
INFO:root:Iteration 4, violation 4.779
INFO:root:Iteration 5, violation 4.679
INFO:root:Iteration 6, violation 4.565
INFO:root:Iteration 7, violation 4.437
INFO:root:Iteration 8, violation 4.297
INFO:root:Iteration 9, violation 4.145
INFO:root:Iteration 10, violation 3.983
INFO:root:Iteration 11, violation 3.812
INFO:root:Iteration 12, violation 3.633
INFO:root:Iteration 13, violation 3.447
INFO:root:Iteration 14, violation 3.255
INFO:root:Iteration 15, violation 3.216
INFO:root:Iteration 16, violation 3.180
INFO:root:Iteration 17, violation 3.139
INFO:root:Iteration 18, violation 3.092
INFO:root:Iteration 19, violation 3.039
INFO:root:Iteration 20, violation 2.980
INFO:root:Iteration 21, violation 2.914
INFO:root:Iteration 22, violation 2.841
INFO:root:Iteration 23, violation 2.762
INFO:root:Iteration 24, violation 2.676
INFO:root:Iteration 25, violation 2.583
INFO:root:Iteration 26, violation 2.483
INFO:root:Iteration 27, violation 2.482
INFO:root:Iteration 28, violation 2.491
INFO:root:Iteration 29, violation 2.495
INFO:root:Iteration 30, violation 2.495
INFO:root:Iteration 31, violation 2.489
INFO:root:Iteration 32, violation 2.478
INFO:root:Iteration 33, violation 2.462
INFO:root:Iteration 34, violation 2.441
INFO:root:Iteration 35, violation 2.414
INFO:root:Iteration 36, violation 2.381
INFO:root:Iteration 37, violation 2.391
INFO:root:Iteration 38, violation 2.410
INFO:root:Iteration 39, violation 2.424
INFO:root:Iteration 40, violation 2.434
INFO:root:Iteration 41, violation 2.438
INFO:root:Iteration 42, violation 2.451
INFO:root:Iteration 43, violation 2.629
INFO:root:Iteration 44, violation 2.778
INFO:root:Iteration 45, violation 2.890
INFO:root:Iteration 46, violation 3.056
INFO:root:Iteration 47, violation 3.132
INFO:root:Iteration 48, violation 3.176
INFO:root:Iteration 49, violation 3.258
INFO:root:Iteration 50, violation 3.265
INFO:root:Iteration 51, violation 3.243
INFO:root:Iteration 52, violation 3.264
INFO:root:Iteration 53, violation 3.211
INFO:root:Iteration 54, violation 3.195
INFO:root:Iteration 55, violation 3.216
INFO:root:Iteration 56, violation 3.227
INFO:root:Iteration 57, violation 3.228
INFO:root:Iteration 58, violation 3.217
INFO:root:Iteration 59, violation 3.196
INFO:root:Iteration 60, violation 3.165
INFO:root:Iteration 61, violation 3.124
INFO:root:Iteration 62, violation 3.074
INFO:root:Iteration 63, violation 3.014
INFO:root:Iteration 64, violation 2.945
INFO:root:Iteration 65, violation 2.867
INFO:root:Iteration 66, violation 2.782
INFO:root:Iteration 67, violation 2.700
INFO:root:Iteration 68, violation 2.682
INFO:root:Iteration 69, violation 2.749
INFO:root:Iteration 70, violation 2.733
INFO:root:Iteration 71, violation 2.706
INFO:root:Iteration 72, violation 2.662
INFO:root:Iteration 73, violation 2.707
INFO:root:Iteration 74, violation 2.671
INFO:root:Iteration 75, violation 2.628
INFO:root:Iteration 76, violation 2.571
INFO:root:Iteration 77, violation 2.611
INFO:root:Iteration 78, violation 2.565
INFO:root:Iteration 79, violation 2.518
INFO:root:Iteration 80, violation 2.461
INFO:root:Iteration 81, violation 2.508
INFO:root:Iteration 82, violation 2.464
INFO:root:Iteration 83, violation 2.569
INFO:root:Iteration 84, violation 2.679
INFO:root:Iteration 85, violation 2.786
INFO:root:Iteration 86, violation 2.889
INFO:root:Iteration 87, violation 2.989
INFO:root:Iteration 88, violation 3.084
INFO:root:Iteration 89, violation 3.176
INFO:root:Iteration 90, violation 3.263
INFO:root:Iteration 91, violation 3.345
INFO:root:Iteration 92, violation 3.421
INFO:root:Iteration 93, violation 3.492
INFO:root:Iteration 94, violation 3.557
INFO:root:Iteration 95, violation 3.616
INFO:root:Iteration 96, violation 3.668
INFO:root:Iteration 97, violation 3.713
INFO:root:Iteration 98, violation 3.750
INFO:root:Iteration 99, violation 3.780
INFO:root:Iteration 100, violation 3.802
INFO:root:Iteration 101, violation 3.816
INFO:root:Iteration 102, violation 3.822
INFO:root:Iteration 103, violation 3.820
INFO:root:Iteration 104, violation 3.809
INFO:root:Iteration 105, violation 3.789
INFO:root:Iteration 106, violation 3.761
INFO:root:Iteration 107, violation 3.724
INFO:root:Iteration 108, violation 3.679
INFO:root:Iteration 109, violation 3.625
INFO:root:Iteration 110, violation 3.562
INFO:root:Iteration 111, violation 3.491
INFO:root:Iteration 112, violation 3.413
INFO:root:Iteration 113, violation 3.326
INFO:root:Iteration 114, violation 3.232
INFO:root:Iteration 115, violation 3.131
INFO:root:Iteration 116, violation 3.023
INFO:root:Iteration 117, violation 2.909
INFO:root:Iteration 118, violation 2.789
INFO:root:Iteration 119, violation 2.756
INFO:root:Iteration 120, violation 2.764
INFO:root:Iteration 121, violation 2.769
INFO:root:Iteration 122, violation 2.770
INFO:root:Iteration 123, violation 2.768
INFO:root:Iteration 124, violation 2.763
INFO:root:Iteration 125, violation 2.756
INFO:root:Iteration 126, violation 2.746
INFO:root:Iteration 127, violation 2.735
INFO:root:Iteration 128, violation 2.741
INFO:root:Iteration 129, violation 2.780
INFO:root:Iteration 130, violation 2.830
INFO:root:Iteration 131, violation 2.865
INFO:root:Iteration 132, violation 2.894
INFO:root:Iteration 133, violation 2.919
INFO:root:Iteration 134, violation 2.959
INFO:root:Iteration 135, violation 2.974
INFO:root:Iteration 136, violation 2.990
INFO:root:Iteration 137, violation 3.005
INFO:root:Iteration 138, violation 3.009
INFO:root:Iteration 139, violation 3.018
INFO:root:Iteration 140, violation 3.022
INFO:root:Iteration 141, violation 3.027
INFO:root:Iteration 142, violation 3.008
INFO:root:Iteration 143, violation 3.005
INFO:root:Iteration 144, violation 2.997
INFO:root:Iteration 145, violation 2.991
INFO:root:Iteration 146, violation 2.953
INFO:root:Iteration 147, violation 2.938
INFO:root:Iteration 148, violation 2.944
INFO:root:Iteration 149, violation 2.946
INFO:root:Iteration 150, violation 2.941
INFO:root:Iteration 151, violation 2.930
INFO:root:Iteration 152, violation 2.912
INFO:root:Iteration 153, violation 2.889
INFO:root:Iteration 154, violation 2.860
INFO:root:Iteration 155, violation 2.826
INFO:root:Iteration 156, violation 2.786
INFO:root:Iteration 157, violation 2.741
INFO:root:Iteration 158, violation 2.692
INFO:root:Iteration 159, violation 2.639
INFO:root:Iteration 160, violation 2.581
INFO:root:Iteration 161, violation 2.521
INFO:root:Iteration 162, violation 2.457
INFO:root:Iteration 163, violation 2.490
INFO:root:Iteration 164, violation 2.545
INFO:root:Iteration 165, violation 2.597
INFO:root:Iteration 166, violation 2.646
INFO:root:Iteration 167, violation 2.691
INFO:root:Iteration 168, violation 2.732
INFO:root:Iteration 169, violation 2.767
INFO:root:Iteration 170, violation 2.798
INFO:root:Iteration 171, violation 2.823
INFO:root:Iteration 172, violation 2.842
INFO:root:Iteration 173, violation 2.855
INFO:root:Iteration 174, violation 2.861
INFO:root:Iteration 175, violation 2.860
INFO:root:Iteration 176, violation 2.853
INFO:root:Iteration 177, violation 2.838
INFO:root:Iteration 178, violation 2.815
INFO:root:Iteration 179, violation 2.785
INFO:root:Iteration 180, violation 2.747
INFO:root:Iteration 181, violation 2.702
INFO:root:Iteration 182, violation 2.649
INFO:root:Iteration 183, violation 2.588
INFO:root:Iteration 184, violation 2.520
INFO:root:Iteration 185, violation 2.467
INFO:root:Iteration 186, violation 2.500
INFO:root:Iteration 187, violation 2.513
INFO:root:Iteration 188, violation 2.616
INFO:root:Iteration 189, violation 2.617
INFO:root:Iteration 190, violation 2.608
INFO:root:Iteration 191, violation 2.576
INFO:root:Iteration 192, violation 2.628
INFO:root:Iteration 193, violation 2.585
INFO:root:Iteration 194, violation 2.527
INFO:root:Iteration 195, violation 2.445
INFO:root:Iteration 196, violation 2.454
INFO:root:Iteration 197, violation 2.360
INFO:root:Iteration 198, violation 2.256
INFO:root:Iteration 199, violation 2.198
INFO:root:Iteration 200, violation 2.217
INFO:root:Iteration 201, violation 2.231
INFO:root:Iteration 202, violation 2.241
INFO:root:Iteration 203, violation 2.247
INFO:root:Iteration 204, violation 2.248
INFO:root:Iteration 205, violation 2.244
INFO:root:Iteration 206, violation 2.235
INFO:root:Iteration 207, violation 2.222
INFO:root:Iteration 208, violation 2.204
INFO:root:Iteration 209, violation 2.182
INFO:root:Iteration 210, violation 2.155
INFO:root:Iteration 211, violation 2.123
INFO:root:Iteration 212, violation 2.087
INFO:root:Iteration 213, violation 2.046
INFO:root:Iteration 214, violation 2.001
INFO:root:Iteration 215, violation 1.952
INFO:root:Iteration 216, violation 1.899
INFO:root:Iteration 217, violation 1.938
INFO:root:Iteration 218, violation 2.057
INFO:root:Iteration 219, violation 2.171
INFO:root:Iteration 220, violation 2.280
INFO:root:Iteration 221, violation 2.383
INFO:root:Iteration 222, violation 2.481
INFO:root:Iteration 223, violation 2.573
INFO:root:Iteration 224, violation 2.659
INFO:root:Iteration 225, violation 2.738
INFO:root:Iteration 226, violation 2.811
INFO:root:Iteration 227, violation 2.878
INFO:root:Iteration 228, violation 2.938
INFO:root:Iteration 229, violation 2.991
INFO:root:Iteration 230, violation 3.038
INFO:root:Iteration 231, violation 3.077
INFO:root:Iteration 232, violation 3.110
INFO:root:Iteration 233, violation 3.135
INFO:root:Iteration 234, violation 3.154
INFO:root:Iteration 235, violation 3.165
INFO:root:Iteration 236, violation 3.169
INFO:root:Iteration 237, violation 3.166
INFO:root:Iteration 238, violation 3.155
INFO:root:Iteration 239, violation 3.137
INFO:root:Iteration 240, violation 3.112
INFO:root:Iteration 241, violation 3.080
INFO:root:Iteration 242, violation 3.040
INFO:root:Iteration 243, violation 2.993
INFO:root:Iteration 244, violation 2.940
INFO:root:Iteration 245, violation 2.879
INFO:root:Iteration 246, violation 2.812
INFO:root:Iteration 247, violation 2.738
INFO:root:Iteration 248, violation 2.657
INFO:root:Iteration 249, violation 2.571
INFO:root:Iteration 250, violation 2.489
INFO:root:Iteration 251, violation 2.557
INFO:root:Iteration 252, violation 2.530
INFO:root:Iteration 253, violation 2.504
INFO:root:Iteration 254, violation 2.465
INFO:root:Iteration 255, violation 2.528
INFO:root:Iteration 256, violation 2.495
INFO:root:Iteration 257, violation 2.463
INFO:root:Iteration 258, violation 2.476
INFO:root:Iteration 259, violation 2.506
INFO:root:Iteration 260, violation 2.526
INFO:root:Iteration 261, violation 2.538
INFO:root:Iteration 262, violation 2.542
INFO:root:Iteration 263, violation 2.536
INFO:root:Iteration 264, violation 2.523
INFO:root:Iteration 265, violation 2.501
INFO:root:Iteration 266, violation 2.472
INFO:root:Iteration 267, violation 2.436
INFO:root:Iteration 268, violation 2.392
INFO:root:Iteration 269, violation 2.343
INFO:root:Iteration 270, violation 2.288
INFO:root:Iteration 271, violation 2.227
INFO:root:Iteration 272, violation 2.163
INFO:root:Iteration 273, violation 2.115
INFO:root:Iteration 274, violation 2.125
INFO:root:Iteration 275, violation 2.131
INFO:root:Iteration 276, violation 2.135
INFO:root:Iteration 277, violation 2.135
INFO:root:Iteration 278, violation 2.131
INFO:root:Iteration 279, violation 2.124
INFO:root:Iteration 280, violation 2.114
INFO:root:Iteration 281, violation 2.099
INFO:root:Iteration 282, violation 2.082
INFO:root:Iteration 283, violation 2.064
INFO:root:Iteration 284, violation 2.059
INFO:root:Iteration 285, violation 2.050
INFO:root:Iteration 286, violation 2.148
INFO:root:Iteration 287, violation 2.151
INFO:root:Iteration 288, violation 2.156
INFO:root:Iteration 289, violation 2.149
INFO:root:Iteration 290, violation 2.128
INFO:root:Iteration 291, violation 2.221
INFO:root:Iteration 292, violation 2.213
INFO:root:Iteration 293, violation 2.205
INFO:root:Iteration 294, violation 2.214
INFO:root:Iteration 295, violation 2.260
INFO:root:Iteration 296, violation 2.301
INFO:root:Iteration 297, violation 2.339
INFO:root:Iteration 298, violation 2.372
INFO:root:Iteration 299, violation 2.400
INFO:root:Iteration 300, violation 2.422
INFO:root:Iteration 301, violation 2.440
INFO:root:Iteration 302, violation 2.452
INFO:root:Iteration 303, violation 2.459
INFO:root:Iteration 304, violation 2.459
INFO:root:Iteration 305, violation 2.454
INFO:root:Iteration 306, violation 2.443
INFO:root:Iteration 307, violation 2.426
INFO:root:Iteration 308, violation 2.403
INFO:root:Iteration 309, violation 2.375
INFO:root:Iteration 310, violation 2.340
INFO:root:Iteration 311, violation 2.299
INFO:root:Iteration 312, violation 2.253
INFO:root:Iteration 313, violation 2.202
INFO:root:Iteration 314, violation 2.145
INFO:root:Iteration 315, violation 2.083
INFO:root:Iteration 316, violation 2.077
INFO:root:Iteration 317, violation 2.042
INFO:root:Iteration 318, violation 2.011
INFO:root:Iteration 319, violation 1.968
INFO:root:Iteration 320, violation 1.914
INFO:root:Iteration 321, violation 1.982
INFO:root:Iteration 322, violation 1.935
INFO:root:Iteration 323, violation 1.894
INFO:root:Iteration 324, violation 1.854
INFO:root:Iteration 325, violation 1.836
INFO:root:Iteration 326, violation 1.844
INFO:root:Iteration 327, violation 1.787
INFO:root:Iteration 328, violation 1.756
INFO:root:Iteration 329, violation 1.721
INFO:root:Iteration 330, violation 1.682
INFO:root:Iteration 331, violation 1.639
INFO:root:Iteration 332, violation 1.662
INFO:root:Iteration 333, violation 1.717
INFO:root:Iteration 334, violation 1.769
INFO:root:Iteration 335, violation 1.819
INFO:root:Iteration 336, violation 1.865
INFO:root:Iteration 337, violation 1.909
INFO:root:Iteration 338, violation 1.950
INFO:root:Iteration 339, violation 1.988
INFO:root:Iteration 340, violation 2.022
INFO:root:Iteration 341, violation 2.054
INFO:root:Iteration 342, violation 2.082
INFO:root:Iteration 343, violation 2.106
INFO:root:Iteration 344, violation 2.128
INFO:root:Iteration 345, violation 2.145
INFO:root:Iteration 346, violation 2.159
INFO:root:Iteration 347, violation 2.170
INFO:root:Iteration 348, violation 2.177
INFO:root:Iteration 349, violation 2.180
INFO:root:Iteration 350, violation 2.180
INFO:root:Iteration 351, violation 2.176
INFO:root:Iteration 352, violation 2.168
INFO:root:Iteration 353, violation 2.167
INFO:root:Iteration 354, violation 2.178
INFO:root:Iteration 355, violation 2.187
INFO:root:Iteration 356, violation 2.194
INFO:root:Iteration 357, violation 2.200
INFO:root:Iteration 358, violation 2.203
INFO:root:Iteration 359, violation 2.204
INFO:root:Iteration 360, violation 2.204
INFO:root:Iteration 361, violation 2.210
INFO:root:Iteration 362, violation 2.361
INFO:root:Iteration 363, violation 2.411
INFO:root:Iteration 364, violation 2.455
INFO:root:Iteration 365, violation 2.483
INFO:root:Iteration 366, violation 2.606
INFO:root:Iteration 367, violation 2.629
INFO:root:Iteration 368, violation 2.647
INFO:root:Iteration 369, violation 2.650
INFO:root:Iteration 370, violation 2.742
INFO:root:Iteration 371, violation 2.748
INFO:root:Iteration 372, violation 2.746
INFO:root:Iteration 373, violation 2.729
INFO:root:Iteration 374, violation 2.800
INFO:root:Iteration 375, violation 2.794
INFO:root:Iteration 376, violation 2.779
INFO:root:Iteration 377, violation 2.751
INFO:root:Iteration 378, violation 2.820
INFO:root:Iteration 379, violation 2.817
INFO:root:Iteration 380, violation 2.799
INFO:root:Iteration 381, violation 2.763
INFO:root:Iteration 382, violation 2.805
INFO:root:Iteration 383, violation 2.782
INFO:root:Iteration 384, violation 2.758
INFO:root:Iteration 385, violation 2.723
INFO:root:Iteration 386, violation 2.780
INFO:root:Iteration 387, violation 2.763
INFO:root:Iteration 388, violation 2.739
INFO:root:Iteration 389, violation 2.704
INFO:root:Iteration 390, violation 2.764
INFO:root:Iteration 391, violation 2.746
INFO:root:Iteration 392, violation 2.724
INFO:root:Iteration 393, violation 2.691
INFO:root:Iteration 394, violation 2.751
INFO:root:Iteration 395, violation 2.735
INFO:root:Iteration 396, violation 2.714
INFO:root:Iteration 397, violation 2.681
INFO:root:Iteration 398, violation 2.744
INFO:root:Iteration 399, violation 2.728
INFO:root:Iteration 400, violation 2.708
INFO:root:Iteration 401, violation 2.676
INFO:root:Iteration 402, violation 2.740
INFO:root:Iteration 403, violation 2.724
INFO:root:Iteration 404, violation 2.705
INFO:root:Iteration 405, violation 2.674
INFO:root:Iteration 406, violation 2.738
INFO:root:Iteration 407, violation 2.723
INFO:root:Iteration 408, violation 2.705
INFO:root:Iteration 409, violation 2.675
INFO:root:Iteration 410, violation 2.739
INFO:root:Iteration 411, violation 2.725
INFO:root:Iteration 412, violation 2.707
INFO:root:Iteration 413, violation 2.678
INFO:root:Iteration 414, violation 2.743
INFO:root:Iteration 415, violation 2.730
INFO:root:Iteration 416, violation 2.712
INFO:root:Iteration 417, violation 2.684
INFO:root:Iteration 418, violation 2.749
INFO:root:Iteration 419, violation 2.736
INFO:root:Iteration 420, violation 2.719
INFO:root:Iteration 421, violation 2.690
INFO:root:Iteration 422, violation 2.756
INFO:root:Iteration 423, violation 2.743
INFO:root:Iteration 424, violation 2.725
INFO:root:Iteration 425, violation 2.696
INFO:root:Iteration 426, violation 2.760
INFO:root:Iteration 427, violation 2.747
INFO:root:Iteration 428, violation 2.728
INFO:root:Iteration 429, violation 2.697
INFO:root:Iteration 430, violation 2.760
INFO:root:Iteration 431, violation 2.744
INFO:root:Iteration 432, violation 2.723
INFO:root:Iteration 433, violation 2.690
INFO:root:Iteration 434, violation 2.750
INFO:root:Iteration 435, violation 2.732
INFO:root:Iteration 436, violation 2.708
INFO:root:Iteration 437, violation 2.671
INFO:root:Iteration 438, violation 2.728
INFO:root:Iteration 439, violation 2.706
INFO:root:Iteration 440, violation 2.677
INFO:root:Iteration 441, violation 2.636
INFO:root:Iteration 442, violation 2.691
INFO:root:Iteration 443, violation 2.662
INFO:root:Iteration 444, violation 2.629
INFO:root:Iteration 445, violation 2.583
INFO:root:Iteration 446, violation 2.635
INFO:root:Iteration 447, violation 2.600
INFO:root:Iteration 448, violation 2.562
INFO:root:Iteration 449, violation 2.514
INFO:root:Iteration 450, violation 2.560
INFO:root:Iteration 451, violation 2.518
INFO:root:Iteration 452, violation 2.475
INFO:root:Iteration 453, violation 2.420
INFO:root:Iteration 454, violation 2.469
INFO:root:Iteration 455, violation 2.420
INFO:root:Iteration 456, violation 2.373
INFO:root:Iteration 457, violation 2.315
INFO:root:Iteration 458, violation 2.365
INFO:root:Iteration 459, violation 2.311
INFO:root:Iteration 460, violation 2.262
INFO:root:Iteration 461, violation 2.202
INFO:root:Iteration 462, violation 2.256
INFO:root:Iteration 463, violation 2.199
INFO:root:Iteration 464, violation 2.150
INFO:root:Iteration 465, violation 2.092
INFO:root:Iteration 466, violation 2.024
INFO:root:Iteration 467, violation 2.078
INFO:root:Iteration 468, violation 2.029
INFO:root:Iteration 469, violation 1.985
INFO:root:Iteration 470, violation 1.933
INFO:root:Iteration 471, violation 1.872
INFO:root:Iteration 472, violation 1.939
INFO:root:Iteration 473, violation 1.891
INFO:root:Iteration 474, violation 1.854
INFO:root:Iteration 475, violation 1.810
INFO:root:Iteration 476, violation 1.758
INFO:root:Iteration 477, violation 1.837
INFO:root:Iteration 478, violation 1.792
INFO:root:Iteration 479, violation 1.762
INFO:root:Iteration 480, violation 1.735
INFO:root:Iteration 481, violation 1.765
INFO:root:Iteration 482, violation 1.790
INFO:root:Iteration 483, violation 1.811
INFO:root:Iteration 484, violation 1.826
INFO:root:Iteration 485, violation 1.837
INFO:root:Iteration 486, violation 1.842
INFO:root:Iteration 487, violation 1.842
INFO:root:Iteration 488, violation 1.837
INFO:root:Iteration 489, violation 1.827
INFO:root:Iteration 490, violation 1.812
INFO:root:Iteration 491, violation 1.791
INFO:root:Iteration 492, violation 1.766
INFO:root:Iteration 493, violation 1.735
INFO:root:Iteration 494, violation 1.700
INFO:root:Iteration 495, violation 1.660
INFO:root:Iteration 496, violation 1.616
INFO:root:Iteration 497, violation 1.567
INFO:root:Iteration 498, violation 1.515
INFO:root:Iteration 499, violation 1.459
INFO:root:Iteration 500, violation 1.399
INFO:root:Iteration 501, violation 1.336
INFO:root:Iteration 502, violation 1.364
INFO:root:Iteration 503, violation 1.322
INFO:root:Iteration 504, violation 1.299
INFO:root:Iteration 505, violation 1.271
INFO:root:Iteration 506, violation 1.237
INFO:root:Iteration 507, violation 1.197
INFO:root:Iteration 508, violation 1.153
INFO:root:Iteration 509, violation 1.260
INFO:root:Iteration 510, violation 1.221
INFO:root:Iteration 511, violation 1.208
INFO:root:Iteration 512, violation 1.189
INFO:root:Iteration 513, violation 1.166
INFO:root:Iteration 514, violation 1.137
INFO:root:Iteration 515, violation 1.104
INFO:root:Iteration 516, violation 1.106
INFO:root:Iteration 517, violation 1.181
INFO:root:Iteration 518, violation 1.152
INFO:root:Iteration 519, violation 1.146
INFO:root:Iteration 520, violation 1.134
INFO:root:Iteration 521, violation 1.116
INFO:root:Iteration 522, violation 1.115
INFO:root:Iteration 523, violation 1.115
INFO:root:Iteration 524, violation 1.115
INFO:root:Iteration 525, violation 1.144
INFO:root:Iteration 526, violation 1.185
INFO:root:Iteration 527, violation 1.224
INFO:root:Iteration 528, violation 1.260
INFO:root:Iteration 529, violation 1.293
INFO:root:Iteration 530, violation 1.323
INFO:root:Iteration 531, violation 1.350
INFO:root:Iteration 532, violation 1.373
INFO:root:Iteration 533, violation 1.393
INFO:root:Iteration 534, violation 1.409
INFO:root:Iteration 535, violation 1.421
INFO:root:Iteration 536, violation 1.430
INFO:root:Iteration 537, violation 1.436
INFO:root:Iteration 538, violation 1.437
INFO:root:Iteration 539, violation 1.436
INFO:root:Iteration 540, violation 1.430
INFO:root:Iteration 541, violation 1.421
INFO:root:Iteration 542, violation 1.409
INFO:root:Iteration 543, violation 1.394
INFO:root:Iteration 544, violation 1.375
INFO:root:Iteration 545, violation 1.405
INFO:root:Iteration 546, violation 1.434
INFO:root:Iteration 547, violation 1.462
INFO:root:Iteration 548, violation 1.489
INFO:root:Iteration 549, violation 1.514
INFO:root:Iteration 550, violation 1.538
INFO:root:Iteration 551, violation 1.561
INFO:root:Iteration 552, violation 1.583
INFO:root:Iteration 553, violation 1.603
INFO:root:Iteration 554, violation 1.623
INFO:root:Iteration 555, violation 1.641
INFO:root:Iteration 556, violation 1.661
INFO:root:Iteration 557, violation 1.699
INFO:root:Iteration 558, violation 1.734
INFO:root:Iteration 559, violation 1.766
INFO:root:Iteration 560, violation 1.795
INFO:root:Iteration 561, violation 1.820
INFO:root:Iteration 562, violation 1.843
INFO:root:Iteration 563, violation 1.862
INFO:root:Iteration 564, violation 1.878
INFO:root:Iteration 565, violation 1.891
INFO:root:Iteration 566, violation 1.900
INFO:root:Iteration 567, violation 1.906
INFO:root:Iteration 568, violation 1.910
INFO:root:Iteration 569, violation 1.910
INFO:root:Iteration 570, violation 1.907
INFO:root:Iteration 571, violation 1.902
INFO:root:Iteration 572, violation 1.893
INFO:root:Iteration 573, violation 1.882
INFO:root:Iteration 574, violation 1.868
INFO:root:Iteration 575, violation 1.852
INFO:root:Iteration 576, violation 1.833
INFO:root:Iteration 577, violation 1.811
INFO:root:Iteration 578, violation 1.803
INFO:root:Iteration 579, violation 1.814
INFO:root:Iteration 580, violation 1.813
INFO:root:Iteration 581, violation 1.936
INFO:root:Iteration 582, violation 1.931
INFO:root:Iteration 583, violation 1.936
INFO:root:Iteration 584, violation 1.928
INFO:root:Iteration 585, violation 1.908
INFO:root:Iteration 586, violation 2.009
INFO:root:Iteration 587, violation 1.991
INFO:root:Iteration 588, violation 1.980
INFO:root:Iteration 589, violation 1.956
INFO:root:Iteration 590, violation 1.920
INFO:root:Iteration 591, violation 2.006
INFO:root:Iteration 592, violation 1.975
INFO:root:Iteration 593, violation 1.950
INFO:root:Iteration 594, violation 1.914
INFO:root:Iteration 595, violation 1.867
INFO:root:Iteration 596, violation 1.943
INFO:root:Iteration 597, violation 1.900
INFO:root:Iteration 598, violation 1.866
INFO:root:Iteration 599, violation 1.821
INFO:root:Iteration 600, violation 1.766
INFO:root:Iteration 601, violation 1.839
INFO:root:Iteration 602, violation 1.787
INFO:root:Iteration 603, violation 1.747
INFO:root:Iteration 604, violation 1.699
INFO:root:Iteration 605, violation 1.641
INFO:root:Iteration 606, violation 1.575
INFO:root:Iteration 607, violation 1.645
INFO:root:Iteration 608, violation 1.594
INFO:root:Iteration 609, violation 1.555
INFO:root:Iteration 610, violation 1.508
INFO:root:Iteration 611, violation 1.455
INFO:root:Iteration 612, violation 1.394
INFO:root:Iteration 613, violation 1.476
INFO:root:Iteration 614, violation 1.420
INFO:root:Iteration 615, violation 1.386
INFO:root:Iteration 616, violation 1.345
INFO:root:Iteration 617, violation 1.299
INFO:root:Iteration 618, violation 1.287
INFO:root:Iteration 619, violation 1.280
INFO:root:Iteration 620, violation 1.281
INFO:root:Iteration 621, violation 1.254
INFO:root:Iteration 622, violation 1.234
INFO:root:Iteration 623, violation 1.210
INFO:root:Iteration 624, violation 1.182
INFO:root:Iteration 625, violation 1.150
INFO:root:Iteration 626, violation 1.140
INFO:root:Iteration 627, violation 1.157
INFO:root:Iteration 628, violation 1.172
INFO:root:Iteration 629, violation 1.186
INFO:root:Iteration 630, violation 1.198
INFO:root:Iteration 631, violation 1.209
INFO:root:Iteration 632, violation 1.219
INFO:root:Iteration 633, violation 1.227
INFO:root:Iteration 634, violation 1.233
INFO:root:Iteration 635, violation 1.238
INFO:root:Iteration 636, violation 1.341
INFO:root:Iteration 637, violation 1.362
INFO:root:Iteration 638, violation 1.406
INFO:root:Iteration 639, violation 1.441
INFO:root:Iteration 640, violation 1.467
INFO:root:Iteration 641, violation 1.485
INFO:root:Iteration 642, violation 1.494
INFO:root:Iteration 643, violation 1.639
INFO:root:Iteration 644, violation 1.660
INFO:root:Iteration 645, violation 1.691
INFO:root:Iteration 646, violation 1.712
INFO:root:Iteration 647, violation 1.724
INFO:root:Iteration 648, violation 1.726
INFO:root:Iteration 649, violation 1.856
INFO:root:Iteration 650, violation 1.870
INFO:root:Iteration 651, violation 1.891
INFO:root:Iteration 652, violation 1.901
INFO:root:Iteration 653, violation 1.901
INFO:root:Iteration 654, violation 2.024
INFO:root:Iteration 655, violation 2.028
INFO:root:Iteration 656, violation 2.041
INFO:root:Iteration 657, violation 2.044
INFO:root:Iteration 658, violation 2.036
INFO:root:Iteration 659, violation 2.146
INFO:root:Iteration 660, violation 2.149
INFO:root:Iteration 661, violation 2.156
INFO:root:Iteration 662, violation 2.152
INFO:root:Iteration 663, violation 2.138
INFO:root:Iteration 664, violation 2.238
INFO:root:Iteration 665, violation 2.240
INFO:root:Iteration 666, violation 2.243
INFO:root:Iteration 667, violation 2.234
INFO:root:Iteration 668, violation 2.336
INFO:root:Iteration 669, violation 2.326
INFO:root:Iteration 670, violation 2.324
INFO:root:Iteration 671, violation 2.311
INFO:root:Iteration 672, violation 2.405
INFO:root:Iteration 673, violation 2.393
INFO:root:Iteration 674, violation 2.386
INFO:root:Iteration 675, violation 2.367
INFO:root:Iteration 676, violation 2.454
INFO:root:Iteration 677, violation 2.438
INFO:root:Iteration 678, violation 2.426
INFO:root:Iteration 679, violation 2.401
INFO:root:Iteration 680, violation 2.480
INFO:root:Iteration 681, violation 2.459
INFO:root:Iteration 682, violation 2.440
INFO:root:Iteration 683, violation 2.409
INFO:root:Iteration 684, violation 2.481
INFO:root:Iteration 685, violation 2.453
INFO:root:Iteration 686, violation 2.427
INFO:root:Iteration 687, violation 2.387
INFO:root:Iteration 688, violation 2.452
INFO:root:Iteration 689, violation 2.416
INFO:root:Iteration 690, violation 2.381
INFO:root:Iteration 691, violation 2.334
INFO:root:Iteration 692, violation 2.392
INFO:root:Iteration 693, violation 2.346
INFO:root:Iteration 694, violation 2.302
INFO:root:Iteration 695, violation 2.245
INFO:root:Iteration 696, violation 2.298
INFO:root:Iteration 697, violation 2.239
INFO:root:Iteration 698, violation 2.186
INFO:root:Iteration 699, violation 2.119
INFO:root:Iteration 700, violation 2.040
INFO:root:Iteration 701, violation 2.078
INFO:root:Iteration 702, violation 2.012
INFO:root:Iteration 703, violation 1.947
INFO:root:Iteration 704, violation 1.869
INFO:root:Iteration 705, violation 1.780
INFO:root:Iteration 706, violation 1.818
INFO:root:Iteration 707, violation 1.731
INFO:root:Iteration 708, violation 1.655
INFO:root:Iteration 709, violation 1.568
INFO:root:Iteration 710, violation 1.499
INFO:root:Iteration 711, violation 1.465
INFO:root:Iteration 712, violation 1.428
INFO:root:Iteration 713, violation 1.404
INFO:root:Iteration 714, violation 1.403
INFO:root:Iteration 715, violation 1.400
INFO:root:Iteration 716, violation 1.395
INFO:root:Iteration 717, violation 1.388
INFO:root:Iteration 718, violation 1.378
INFO:root:Iteration 719, violation 1.367
INFO:root:Iteration 720, violation 1.353
INFO:root:Iteration 721, violation 1.338
INFO:root:Iteration 722, violation 1.321
INFO:root:Iteration 723, violation 1.303
INFO:root:Iteration 724, violation 1.283
INFO:root:Iteration 725, violation 1.262
INFO:root:Iteration 726, violation 1.240
INFO:root:Iteration 727, violation 1.216
INFO:root:Iteration 728, violation 1.192
INFO:root:Iteration 729, violation 1.167
INFO:root:Iteration 730, violation 1.142
INFO:root:Iteration 731, violation 1.116
INFO:root:Iteration 732, violation 1.089
INFO:root:Iteration 733, violation 1.063
INFO:root:Iteration 734, violation 1.036
INFO:root:Iteration 735, violation 1.009
INFO:root:Iteration 736, violation 0.983
INFO:root:Iteration 737, violation 0.957
INFO:root:Iteration 738, violation 0.969
INFO:root:Iteration 739, violation 0.990
INFO:root:Iteration 740, violation 1.010
INFO:root:Iteration 741, violation 1.027
INFO:root:Iteration 742, violation 1.042
INFO:root:Iteration 743, violation 1.056
INFO:root:Iteration 744, violation 1.067
INFO:root:Iteration 745, violation 1.076
INFO:root:Iteration 746, violation 1.082
INFO:root:Iteration 747, violation 1.087
INFO:root:Iteration 748, violation 1.089
INFO:root:Iteration 749, violation 1.088
INFO:root:Iteration 750, violation 1.086
INFO:root:Iteration 751, violation 1.081
INFO:root:Iteration 752, violation 1.073
INFO:root:Iteration 753, violation 1.063
INFO:root:Iteration 754, violation 1.050
INFO:root:Iteration 755, violation 1.035
INFO:root:Iteration 756, violation 1.018
INFO:root:Iteration 757, violation 0.999
INFO:root:Iteration 758, violation 0.977
INFO:root:Iteration 759, violation 0.991
INFO:root:Iteration 760, violation 1.014
INFO:root:Iteration 761, violation 1.036
INFO:root:Iteration 762, violation 1.057
INFO:root:Iteration 763, violation 1.076
INFO:root:Iteration 764, violation 1.093
INFO:root:Iteration 765, violation 1.109
INFO:root:Iteration 766, violation 1.124
INFO:root:Iteration 767, violation 1.136
INFO:root:Iteration 768, violation 1.147
INFO:root:Iteration 769, violation 1.156
INFO:root:Iteration 770, violation 1.174
INFO:root:Iteration 771, violation 1.197
INFO:root:Iteration 772, violation 1.217
INFO:root:Iteration 773, violation 1.236
INFO:root:Iteration 774, violation 1.253
INFO:root:Iteration 775, violation 1.268
INFO:root:Iteration 776, violation 1.281
INFO:root:Iteration 777, violation 1.291
INFO:root:Iteration 778, violation 1.300
INFO:root:Iteration 779, violation 1.307
INFO:root:Iteration 780, violation 1.312
INFO:root:Iteration 781, violation 1.314
INFO:root:Iteration 782, violation 1.315
INFO:root:Iteration 783, violation 1.313
INFO:root:Iteration 784, violation 1.310
INFO:root:Iteration 785, violation 1.305
INFO:root:Iteration 786, violation 1.297
INFO:root:Iteration 787, violation 1.288
INFO:root:Iteration 788, violation 1.277
INFO:root:Iteration 789, violation 1.265
INFO:root:Iteration 790, violation 1.250
INFO:root:Iteration 791, violation 1.234
INFO:root:Iteration 792, violation 1.217
INFO:root:Iteration 793, violation 1.223
INFO:root:Iteration 794, violation 1.231
INFO:root:Iteration 795, violation 1.237
INFO:root:Iteration 796, violation 1.241
INFO:root:Iteration 797, violation 1.244
INFO:root:Iteration 798, violation 1.245
INFO:root:Iteration 799, violation 1.244
INFO:root:Iteration 800, violation 1.242
INFO:root:Iteration 801, violation 1.238
INFO:root:Iteration 802, violation 1.232
INFO:root:Iteration 803, violation 1.225
INFO:root:Iteration 804, violation 1.216
INFO:root:Iteration 805, violation 1.205
INFO:root:Iteration 806, violation 1.193
INFO:root:Iteration 807, violation 1.178
INFO:root:Iteration 808, violation 1.161
INFO:root:Iteration 809, violation 1.141
INFO:root:Iteration 810, violation 1.125
INFO:root:Iteration 811, violation 1.153
INFO:root:Iteration 812, violation 1.333
INFO:root:Iteration 813, violation 1.391
INFO:root:Iteration 814, violation 1.466
INFO:root:Iteration 815, violation 1.529
INFO:root:Iteration 816, violation 1.581
INFO:root:Iteration 817, violation 1.621
INFO:root:Iteration 818, violation 1.789
INFO:root:Iteration 819, violation 1.823
INFO:root:Iteration 820, violation 1.866
INFO:root:Iteration 821, violation 1.895
INFO:root:Iteration 822, violation 1.910
INFO:root:Iteration 823, violation 2.042
INFO:root:Iteration 824, violation 2.050
INFO:root:Iteration 825, violation 2.063
INFO:root:Iteration 826, violation 2.060
INFO:root:Iteration 827, violation 2.042
INFO:root:Iteration 828, violation 2.136
INFO:root:Iteration 829, violation 2.119
INFO:root:Iteration 830, violation 2.101
INFO:root:Iteration 831, violation 2.067
INFO:root:Iteration 832, violation 2.017
INFO:root:Iteration 833, violation 2.081
INFO:root:Iteration 834, violation 2.035
INFO:root:Iteration 835, violation 2.003
INFO:root:Iteration 836, violation 2.007
INFO:root:Iteration 837, violation 2.000
INFO:root:Iteration 838, violation 2.112
INFO:root:Iteration 839, violation 2.115
INFO:root:Iteration 840, violation 2.124
INFO:root:Iteration 841, violation 2.122
INFO:root:Iteration 842, violation 2.110
INFO:root:Iteration 843, violation 2.213
INFO:root:Iteration 844, violation 2.216
INFO:root:Iteration 845, violation 2.220
INFO:root:Iteration 846, violation 2.214
INFO:root:Iteration 847, violation 2.198
INFO:root:Iteration 848, violation 2.294
INFO:root:Iteration 849, violation 2.297
INFO:root:Iteration 850, violation 2.298
INFO:root:Iteration 851, violation 2.289
INFO:root:Iteration 852, violation 2.389
INFO:root:Iteration 853, violation 2.381
INFO:root:Iteration 854, violation 2.380
INFO:root:Iteration 855, violation 2.368
INFO:root:Iteration 856, violation 2.461
INFO:root:Iteration 857, violation 2.453
INFO:root:Iteration 858, violation 2.449
INFO:root:Iteration 859, violation 2.434
INFO:root:Iteration 860, violation 2.522
INFO:root:Iteration 861, violation 2.513
INFO:root:Iteration 862, violation 2.507
INFO:root:Iteration 863, violation 2.488
INFO:root:Iteration 864, violation 2.572
INFO:root:Iteration 865, violation 2.562
INFO:root:Iteration 866, violation 2.552
INFO:root:Iteration 867, violation 2.531
INFO:root:Iteration 868, violation 2.610
INFO:root:Iteration 869, violation 2.599
INFO:root:Iteration 870, violation 2.587
INFO:root:Iteration 871, violation 2.564
INFO:root:Iteration 872, violation 2.639
INFO:root:Iteration 873, violation 2.626
INFO:root:Iteration 874, violation 2.611
INFO:root:Iteration 875, violation 2.585
INFO:root:Iteration 876, violation 2.657
INFO:root:Iteration 877, violation 2.642
INFO:root:Iteration 878, violation 2.624
INFO:root:Iteration 879, violation 2.595
INFO:root:Iteration 880, violation 2.663
INFO:root:Iteration 881, violation 2.645
INFO:root:Iteration 882, violation 2.624
INFO:root:Iteration 883, violation 2.591
INFO:root:Iteration 884, violation 2.655
INFO:root:Iteration 885, violation 2.632
INFO:root:Iteration 886, violation 2.606
INFO:root:Iteration 887, violation 2.568
INFO:root:Iteration 888, violation 2.627
INFO:root:Iteration 889, violation 2.598
INFO:root:Iteration 890, violation 2.566
INFO:root:Iteration 891, violation 2.521
INFO:root:Iteration 892, violation 2.574
INFO:root:Iteration 893, violation 2.536
INFO:root:Iteration 894, violation 2.495
INFO:root:Iteration 895, violation 2.441
INFO:root:Iteration 896, violation 2.488
INFO:root:Iteration 897, violation 2.437
INFO:root:Iteration 898, violation 2.386
INFO:root:Iteration 899, violation 2.320
INFO:root:Iteration 900, violation 2.360
INFO:root:Iteration 901, violation 2.293
INFO:root:Iteration 902, violation 2.228
INFO:root:Iteration 903, violation 2.149
INFO:root:Iteration 904, violation 2.164
INFO:root:Iteration 905, violation 2.086
INFO:root:Iteration 906, violation 2.007
INFO:root:Iteration 907, violation 1.913
INFO:root:Iteration 908, violation 1.804
INFO:root:Iteration 909, violation 1.820
INFO:root:Iteration 910, violation 1.713
INFO:root:Iteration 911, violation 1.613
INFO:root:Iteration 912, violation 1.500
INFO:root:Iteration 913, violation 1.374
INFO:root:Iteration 914, violation 1.266
INFO:root:Iteration 915, violation 1.241
INFO:root:Iteration 916, violation 1.190
INFO:root:Iteration 917, violation 1.184
INFO:root:Iteration 918, violation 1.244
INFO:root:Iteration 919, violation 1.278
INFO:root:Iteration 920, violation 1.311
INFO:root:Iteration 921, violation 1.334
INFO:root:Iteration 922, violation 1.496
INFO:root:Iteration 923, violation 1.513
INFO:root:Iteration 924, violation 1.545
INFO:root:Iteration 925, violation 1.565
INFO:root:Iteration 926, violation 1.571
INFO:root:Iteration 927, violation 1.563
INFO:root:Iteration 928, violation 1.684
INFO:root:Iteration 929, violation 1.669
INFO:root:Iteration 930, violation 1.663
INFO:root:Iteration 931, violation 1.641
INFO:root:Iteration 932, violation 1.602
INFO:root:Iteration 933, violation 1.548
INFO:root:Iteration 934, violation 1.622
INFO:root:Iteration 935, violation 1.562
INFO:root:Iteration 936, violation 1.507
INFO:root:Iteration 937, violation 1.437
INFO:root:Iteration 938, violation 1.350
INFO:root:Iteration 939, violation 1.247
INFO:root:Iteration 940, violation 1.129
INFO:root:Iteration 941, violation 1.154
INFO:root:Iteration 942, violation 1.031
INFO:root:Iteration 943, violation 0.923
INFO:root:Iteration 944, violation 0.802
INFO:root:Iteration 945, violation 0.722
INFO:root:Iteration 946, violation 0.748
INFO:root:Iteration 947, violation 0.772
INFO:root:Iteration 948, violation 0.796
INFO:root:Iteration 949, violation 0.817
INFO:root:Iteration 950, violation 0.838
INFO:root:Iteration 951, violation 0.856
INFO:root:Iteration 952, violation 0.874
INFO:root:Iteration 953, violation 0.889
INFO:root:Iteration 954, violation 0.903
INFO:root:Iteration 955, violation 0.915
INFO:root:Iteration 956, violation 0.926
INFO:root:Iteration 957, violation 0.935
INFO:root:Iteration 958, violation 0.942
INFO:root:Iteration 959, violation 0.947
INFO:root:Iteration 960, violation 0.951
INFO:root:Iteration 961, violation 0.953
INFO:root:Iteration 962, violation 0.954
INFO:root:Iteration 963, violation 0.953
INFO:root:Iteration 964, violation 0.950
INFO:root:Iteration 965, violation 0.946
INFO:root:Iteration 966, violation 0.941
INFO:root:Iteration 967, violation 0.934
INFO:root:Iteration 968, violation 0.925
INFO:root:Iteration 969, violation 0.915
INFO:root:Iteration 970, violation 0.904
INFO:root:Iteration 971, violation 0.892
INFO:root:Iteration 972, violation 0.878
INFO:root:Iteration 973, violation 0.870
INFO:root:Iteration 974, violation 0.901
INFO:root:Iteration 975, violation 0.933
INFO:root:Iteration 976, violation 0.966
INFO:root:Iteration 977, violation 0.997
INFO:root:Iteration 978, violation 1.029
INFO:root:Iteration 979, violation 1.059
INFO:root:Iteration 980, violation 1.088
INFO:root:Iteration 981, violation 1.117
INFO:root:Iteration 982, violation 1.145
INFO:root:Iteration 983, violation 1.173
INFO:root:Iteration 984, violation 1.199
INFO:root:Iteration 985, violation 1.224
INFO:root:Iteration 986, violation 1.249
INFO:root:Iteration 987, violation 1.273
INFO:root:Iteration 988, violation 1.295
INFO:root:Iteration 989, violation 1.317
INFO:root:Iteration 990, violation 1.338
INFO:root:Iteration 991, violation 1.357
INFO:root:Iteration 992, violation 1.376
INFO:root:Iteration 993, violation 1.393
INFO:root:Iteration 994, violation 1.410
INFO:root:Iteration 995, violation 1.425
INFO:root:Iteration 996, violation 1.439
INFO:root:Iteration 997, violation 1.452
INFO:root:Iteration 998, violation 1.464
INFO:root:Iteration 999, violation 1.474
INFO:root:iteration=1, cost value=312752.58644, tau=0.00500
INFO:root:max slack = 3863831.06563
INFO:root:iteration=2, cost value=-252.23882, tau=0.00600
INFO:root:max slack = 0.90753
INFO:root:iteration=3, cost value=-252.17056, tau=0.00720
INFO:root:max slack = 0.84982
INFO:root:iteration=4, cost value=-252.42030, tau=0.00864
INFO:root:max slack = 0.16281
INFO:root:iteration=5, cost value=-252.19669, tau=0.01037
INFO:root:max slack = 0.62387
INFO:root:iteration=6, cost value=-252.17910, tau=0.01244
INFO:root:max slack = 0.49844
INFO:root:iteration=7, cost value=-252.42018, tau=0.01493
INFO:root:max slack = 0.09879
INFO:root:iteration=8, cost value=-252.15213, tau=0.01792
INFO:root:max slack = 0.37919
INFO:root:iteration=9, cost value=-252.16903, tau=0.02150
INFO:root:max slack = 0.29106
INFO:root:iteration=10, cost value=-252.20400, tau=0.02580
INFO:root:max slack = 0.21847
INFO:root:iteration=11, cost value=-252.43049, tau=0.03096
INFO:root:max slack = 0.04843
INFO:root:iteration=12, cost value=-252.39889, tau=0.03715
INFO:root:max slack = 0.05221
INFO:root:iteration=13, cost value=-252.41413, tau=0.04458
INFO:root:max slack = 0.03645
INFO:root:iteration=14, cost value=-252.39990, tau=0.05350
INFO:root:max slack = 0.03540
