WARNING:root:Automatically setting rho to 0.206
INFO:root:Starting ADMM phase 1 with tol 0.010
INFO:root:Starting ADMM phase 2 with rho 0.206
INFO:root:Iteration 0, violation 12.784
INFO:root:Iteration 1, violation 12.709
INFO:root:Iteration 2, violation 12.600
INFO:root:Iteration 3, violation 12.455
INFO:root:Iteration 4, violation 12.277
INFO:root:Iteration 5, violation 12.066
INFO:root:Iteration 6, violation 11.824
INFO:root:Iteration 7, violation 11.553
INFO:root:Iteration 8, violation 11.253
INFO:root:Iteration 9, violation 10.929
INFO:root:Iteration 10, violation 10.583
INFO:root:Iteration 11, violation 10.218
INFO:root:Iteration 12, violation 9.837
INFO:root:Iteration 13, violation 9.444
INFO:root:Iteration 14, violation 9.042
INFO:root:Iteration 15, violation 8.633
INFO:root:Iteration 16, violation 8.222
INFO:root:Iteration 17, violation 7.810
INFO:root:Iteration 18, violation 7.402
INFO:root:Iteration 19, violation 7.000
INFO:root:Iteration 20, violation 6.606
INFO:root:Iteration 21, violation 6.224
INFO:root:Iteration 22, violation 6.064
INFO:root:Iteration 23, violation 6.484
INFO:root:Iteration 24, violation 6.861
INFO:root:Iteration 25, violation 7.192
INFO:root:Iteration 26, violation 7.473
INFO:root:Iteration 27, violation 7.702
INFO:root:Iteration 28, violation 7.877
INFO:root:Iteration 29, violation 7.996
INFO:root:Iteration 30, violation 8.059
INFO:root:Iteration 31, violation 8.064
INFO:root:Iteration 32, violation 8.012
INFO:root:Iteration 33, violation 7.903
INFO:root:Iteration 34, violation 7.738
INFO:root:Iteration 35, violation 7.517
INFO:root:Iteration 36, violation 7.244
INFO:root:Iteration 37, violation 6.921
INFO:root:Iteration 38, violation 6.549
INFO:root:Iteration 39, violation 6.133
INFO:root:Iteration 40, violation 5.675
INFO:root:Iteration 41, violation 5.179
INFO:root:Iteration 42, violation 4.649
INFO:root:Iteration 43, violation 4.090
INFO:root:Iteration 44, violation 4.247
INFO:root:Iteration 45, violation 4.412
INFO:root:Iteration 46, violation 4.564
INFO:root:Iteration 47, violation 4.702
INFO:root:Iteration 48, violation 4.827
INFO:root:Iteration 49, violation 4.936
INFO:root:Iteration 50, violation 5.031
INFO:root:Iteration 51, violation 5.109
INFO:root:Iteration 52, violation 5.171
INFO:root:Iteration 53, violation 5.217
INFO:root:Iteration 54, violation 5.245
INFO:root:Iteration 55, violation 5.256
INFO:root:Iteration 56, violation 5.249
INFO:root:Iteration 57, violation 5.225
INFO:root:Iteration 58, violation 5.184
INFO:root:Iteration 59, violation 5.124
INFO:root:Iteration 60, violation 5.469
INFO:root:Iteration 61, violation 5.801
INFO:root:Iteration 62, violation 6.091
INFO:root:Iteration 63, violation 6.335
INFO:root:Iteration 64, violation 6.535
INFO:root:Iteration 65, violation 6.689
INFO:root:Iteration 66, violation 6.799
INFO:root:Iteration 67, violation 6.864
INFO:root:Iteration 68, violation 6.885
INFO:root:Iteration 69, violation 6.865
INFO:root:Iteration 70, violation 6.804
INFO:root:Iteration 71, violation 6.705
INFO:root:Iteration 72, violation 6.571
INFO:root:Iteration 73, violation 6.402
INFO:root:Iteration 74, violation 6.204
INFO:root:Iteration 75, violation 5.978
INFO:root:Iteration 76, violation 5.728
INFO:root:Iteration 77, violation 5.664
INFO:root:Iteration 78, violation 5.902
INFO:root:Iteration 79, violation 6.120
INFO:root:Iteration 80, violation 6.318
INFO:root:Iteration 81, violation 6.492
INFO:root:Iteration 82, violation 6.643
INFO:root:Iteration 83, violation 6.769
INFO:root:Iteration 84, violation 6.868
INFO:root:Iteration 85, violation 6.940
INFO:root:Iteration 86, violation 6.985
INFO:root:Iteration 87, violation 7.033
INFO:root:Iteration 88, violation 7.272
INFO:root:Iteration 89, violation 7.489
INFO:root:Iteration 90, violation 7.697
INFO:root:Iteration 91, violation 7.873
INFO:root:Iteration 92, violation 8.026
INFO:root:Iteration 93, violation 8.155
INFO:root:Iteration 94, violation 8.260
INFO:root:Iteration 95, violation 8.343
INFO:root:Iteration 96, violation 8.405
INFO:root:Iteration 97, violation 8.441
INFO:root:Iteration 98, violation 8.484
INFO:root:Iteration 99, violation 8.498
INFO:root:Iteration 100, violation 8.495
INFO:root:Iteration 101, violation 8.477
INFO:root:Iteration 102, violation 8.445
INFO:root:Iteration 103, violation 8.401
INFO:root:Iteration 104, violation 8.344
INFO:root:Iteration 105, violation 8.278
INFO:root:Iteration 106, violation 8.204
INFO:root:Iteration 107, violation 8.123
INFO:root:Iteration 108, violation 8.036
INFO:root:Iteration 109, violation 7.945
INFO:root:Iteration 110, violation 7.852
INFO:root:Iteration 111, violation 7.757
INFO:root:Iteration 112, violation 7.662
INFO:root:Iteration 113, violation 7.567
INFO:root:Iteration 114, violation 7.475
INFO:root:Iteration 115, violation 7.386
INFO:root:Iteration 116, violation 7.301
INFO:root:Iteration 117, violation 7.221
INFO:root:Iteration 118, violation 7.146
INFO:root:Iteration 119, violation 7.076
INFO:root:Iteration 120, violation 7.013
INFO:root:Iteration 121, violation 6.956
INFO:root:Iteration 122, violation 6.906
INFO:root:Iteration 123, violation 6.861
INFO:root:Iteration 124, violation 6.824
INFO:root:Iteration 125, violation 6.792
INFO:root:Iteration 126, violation 6.765
INFO:root:Iteration 127, violation 6.744
INFO:root:Iteration 128, violation 6.727
INFO:root:Iteration 129, violation 6.714
INFO:root:Iteration 130, violation 6.704
INFO:root:Iteration 131, violation 6.696
INFO:root:Iteration 132, violation 6.690
INFO:root:Iteration 133, violation 6.683
INFO:root:Iteration 134, violation 6.676
INFO:root:Iteration 135, violation 6.667
INFO:root:Iteration 136, violation 6.649
INFO:root:Iteration 137, violation 6.617
INFO:root:Iteration 138, violation 6.575
INFO:root:Iteration 139, violation 6.522
INFO:root:Iteration 140, violation 6.458
INFO:root:Iteration 141, violation 6.382
INFO:root:Iteration 142, violation 6.295
INFO:root:Iteration 143, violation 6.170
INFO:root:Iteration 144, violation 6.014
INFO:root:Iteration 145, violation 5.830
INFO:root:Iteration 146, violation 5.619
INFO:root:Iteration 147, violation 5.503
INFO:root:Iteration 148, violation 5.435
INFO:root:Iteration 149, violation 5.351
INFO:root:Iteration 150, violation 5.254
INFO:root:Iteration 151, violation 5.143
INFO:root:Iteration 152, violation 5.019
INFO:root:Iteration 153, violation 4.883
INFO:root:Iteration 154, violation 4.735
INFO:root:Iteration 155, violation 4.575
INFO:root:Iteration 156, violation 4.405
INFO:root:Iteration 157, violation 4.226
INFO:root:Iteration 158, violation 4.037
INFO:root:Iteration 159, violation 3.840
INFO:root:Iteration 160, violation 3.635
INFO:root:Iteration 161, violation 3.423
INFO:root:Iteration 162, violation 3.205
INFO:root:Iteration 163, violation 2.982
INFO:root:Iteration 164, violation 2.754
INFO:root:Iteration 165, violation 2.706
INFO:root:Iteration 166, violation 2.711
INFO:root:Iteration 167, violation 2.808
INFO:root:Iteration 168, violation 3.227
INFO:root:Iteration 169, violation 3.629
INFO:root:Iteration 170, violation 4.011
INFO:root:Iteration 171, violation 4.372
INFO:root:Iteration 172, violation 4.711
INFO:root:Iteration 173, violation 5.024
INFO:root:Iteration 174, violation 5.312
INFO:root:Iteration 175, violation 5.572
INFO:root:Iteration 176, violation 5.804
INFO:root:Iteration 177, violation 6.006
INFO:root:Iteration 178, violation 6.179
INFO:root:Iteration 179, violation 6.321
INFO:root:Iteration 180, violation 6.432
INFO:root:Iteration 181, violation 6.514
INFO:root:Iteration 182, violation 6.564
INFO:root:Iteration 183, violation 6.585
INFO:root:Iteration 184, violation 6.577
INFO:root:Iteration 185, violation 6.541
INFO:root:Iteration 186, violation 6.477
INFO:root:Iteration 187, violation 6.387
INFO:root:Iteration 188, violation 6.272
INFO:root:Iteration 189, violation 6.135
INFO:root:Iteration 190, violation 5.976
INFO:root:Iteration 191, violation 5.798
INFO:root:Iteration 192, violation 5.602
INFO:root:Iteration 193, violation 5.390
INFO:root:Iteration 194, violation 5.165
INFO:root:Iteration 195, violation 4.929
INFO:root:Iteration 196, violation 4.684
INFO:root:Iteration 197, violation 4.433
INFO:root:Iteration 198, violation 4.176
INFO:root:Iteration 199, violation 3.918
INFO:root:Iteration 200, violation 3.769
INFO:root:Iteration 201, violation 3.983
INFO:root:Iteration 202, violation 4.214
INFO:root:Iteration 203, violation 4.434
INFO:root:Iteration 204, violation 4.644
INFO:root:Iteration 205, violation 4.840
INFO:root:Iteration 206, violation 5.023
INFO:root:Iteration 207, violation 5.190
INFO:root:Iteration 208, violation 5.341
INFO:root:Iteration 209, violation 5.474
INFO:root:Iteration 210, violation 5.590
INFO:root:Iteration 211, violation 5.686
INFO:root:Iteration 212, violation 5.763
INFO:root:Iteration 213, violation 5.820
INFO:root:Iteration 214, violation 5.857
INFO:root:Iteration 215, violation 5.873
INFO:root:Iteration 216, violation 5.869
INFO:root:Iteration 217, violation 5.845
INFO:root:Iteration 218, violation 5.800
INFO:root:Iteration 219, violation 5.737
INFO:root:Iteration 220, violation 5.654
INFO:root:Iteration 221, violation 5.553
INFO:root:Iteration 222, violation 5.434
INFO:root:Iteration 223, violation 5.299
INFO:root:Iteration 224, violation 5.148
INFO:root:Iteration 225, violation 4.982
INFO:root:Iteration 226, violation 4.804
INFO:root:Iteration 227, violation 4.613
INFO:root:Iteration 228, violation 4.411
INFO:root:Iteration 229, violation 4.199
INFO:root:Iteration 230, violation 3.980
INFO:root:Iteration 231, violation 3.753
INFO:root:Iteration 232, violation 3.522
INFO:root:Iteration 233, violation 3.286
INFO:root:Iteration 234, violation 3.048
INFO:root:Iteration 235, violation 2.808
INFO:root:Iteration 236, violation 2.569
INFO:root:Iteration 237, violation 2.563
INFO:root:Iteration 238, violation 2.628
INFO:root:Iteration 239, violation 2.683
INFO:root:Iteration 240, violation 2.728
INFO:root:Iteration 241, violation 2.762
INFO:root:Iteration 242, violation 2.785
INFO:root:Iteration 243, violation 2.795
INFO:root:Iteration 244, violation 2.793
INFO:root:Iteration 245, violation 2.777
INFO:root:Iteration 246, violation 2.748
INFO:root:Iteration 247, violation 2.706
INFO:root:Iteration 248, violation 2.649
INFO:root:Iteration 249, violation 2.578
INFO:root:Iteration 250, violation 2.494
INFO:root:Iteration 251, violation 2.415
INFO:root:Iteration 252, violation 2.333
INFO:root:Iteration 253, violation 2.363
INFO:root:Iteration 254, violation 2.400
INFO:root:Iteration 255, violation 2.426
INFO:root:Iteration 256, violation 2.442
INFO:root:Iteration 257, violation 2.448
INFO:root:Iteration 258, violation 2.444
INFO:root:Iteration 259, violation 2.430
INFO:root:Iteration 260, violation 2.408
INFO:root:Iteration 261, violation 2.468
INFO:root:Iteration 262, violation 2.569
INFO:root:Iteration 263, violation 2.661
INFO:root:Iteration 264, violation 2.745
INFO:root:Iteration 265, violation 2.822
INFO:root:Iteration 266, violation 2.890
INFO:root:Iteration 267, violation 2.949
INFO:root:Iteration 268, violation 3.000
INFO:root:Iteration 269, violation 3.043
INFO:root:Iteration 270, violation 3.078
INFO:root:Iteration 271, violation 3.104
INFO:root:Iteration 272, violation 3.122
INFO:root:Iteration 273, violation 3.132
INFO:root:Iteration 274, violation 3.133
INFO:root:Iteration 275, violation 3.127
INFO:root:Iteration 276, violation 3.114
INFO:root:Iteration 277, violation 3.093
INFO:root:Iteration 278, violation 3.065
INFO:root:Iteration 279, violation 3.160
INFO:root:Iteration 280, violation 3.316
INFO:root:Iteration 281, violation 3.460
INFO:root:Iteration 282, violation 3.591
INFO:root:Iteration 283, violation 3.708
INFO:root:Iteration 284, violation 3.812
INFO:root:Iteration 285, violation 3.901
INFO:root:Iteration 286, violation 3.976
INFO:root:Iteration 287, violation 4.037
INFO:root:Iteration 288, violation 4.082
INFO:root:Iteration 289, violation 4.113
INFO:root:Iteration 290, violation 4.130
INFO:root:Iteration 291, violation 4.132
INFO:root:Iteration 292, violation 4.120
INFO:root:Iteration 293, violation 4.094
INFO:root:Iteration 294, violation 4.055
INFO:root:Iteration 295, violation 4.003
INFO:root:Iteration 296, violation 3.940
INFO:root:Iteration 297, violation 3.866
INFO:root:Iteration 298, violation 3.783
INFO:root:Iteration 299, violation 3.692
INFO:root:Iteration 300, violation 3.594
INFO:root:Iteration 301, violation 3.490
INFO:root:Iteration 302, violation 3.382
INFO:root:Iteration 303, violation 3.358
INFO:root:Iteration 304, violation 3.535
INFO:root:Iteration 305, violation 3.707
INFO:root:Iteration 306, violation 3.870
INFO:root:Iteration 307, violation 4.025
INFO:root:Iteration 308, violation 4.169
INFO:root:Iteration 309, violation 4.302
INFO:root:Iteration 310, violation 4.423
INFO:root:Iteration 311, violation 4.531
INFO:root:Iteration 312, violation 4.625
INFO:root:Iteration 313, violation 4.705
INFO:root:Iteration 314, violation 4.769
INFO:root:Iteration 315, violation 4.817
INFO:root:Iteration 316, violation 4.850
INFO:root:Iteration 317, violation 4.866
INFO:root:Iteration 318, violation 4.866
INFO:root:Iteration 319, violation 4.850
INFO:root:Iteration 320, violation 4.818
INFO:root:Iteration 321, violation 4.770
INFO:root:Iteration 322, violation 4.707
INFO:root:Iteration 323, violation 4.629
INFO:root:Iteration 324, violation 4.537
INFO:root:Iteration 325, violation 4.431
INFO:root:Iteration 326, violation 4.313
INFO:root:Iteration 327, violation 4.183
INFO:root:Iteration 328, violation 4.043
INFO:root:Iteration 329, violation 3.893
INFO:root:Iteration 330, violation 3.734
INFO:root:Iteration 331, violation 3.569
INFO:root:Iteration 332, violation 3.397
INFO:root:Iteration 333, violation 3.220
INFO:root:Iteration 334, violation 3.040
INFO:root:Iteration 335, violation 2.858
INFO:root:Iteration 336, violation 2.734
INFO:root:Iteration 337, violation 2.790
INFO:root:Iteration 338, violation 2.835
INFO:root:Iteration 339, violation 2.869
INFO:root:Iteration 340, violation 2.892
INFO:root:Iteration 341, violation 2.904
INFO:root:Iteration 342, violation 2.904
INFO:root:Iteration 343, violation 2.893
INFO:root:Iteration 344, violation 2.871
INFO:root:Iteration 345, violation 2.837
INFO:root:Iteration 346, violation 2.793
INFO:root:Iteration 347, violation 2.738
INFO:root:Iteration 348, violation 2.672
INFO:root:Iteration 349, violation 2.597
INFO:root:Iteration 350, violation 2.512
INFO:root:Iteration 351, violation 2.418
INFO:root:Iteration 352, violation 2.324
INFO:root:Iteration 353, violation 2.391
INFO:root:Iteration 354, violation 2.451
INFO:root:Iteration 355, violation 2.506
INFO:root:Iteration 356, violation 2.555
INFO:root:Iteration 357, violation 2.597
INFO:root:Iteration 358, violation 2.632
INFO:root:Iteration 359, violation 2.661
INFO:root:Iteration 360, violation 2.683
INFO:root:Iteration 361, violation 2.697
INFO:root:Iteration 362, violation 2.704
INFO:root:Iteration 363, violation 2.703
INFO:root:Iteration 364, violation 2.695
INFO:root:Iteration 365, violation 2.679
INFO:root:Iteration 366, violation 2.655
INFO:root:Iteration 367, violation 2.624
INFO:root:Iteration 368, violation 2.585
INFO:root:Iteration 369, violation 2.538
INFO:root:Iteration 370, violation 2.484
INFO:root:Iteration 371, violation 2.422
INFO:root:Iteration 372, violation 2.354
INFO:root:Iteration 373, violation 2.278
INFO:root:Iteration 374, violation 2.196
INFO:root:Iteration 375, violation 2.216
INFO:root:Iteration 376, violation 2.294
INFO:root:Iteration 377, violation 2.364
INFO:root:Iteration 378, violation 2.426
INFO:root:Iteration 379, violation 2.480
INFO:root:Iteration 380, violation 2.527
INFO:root:Iteration 381, violation 2.567
INFO:root:Iteration 382, violation 2.599
INFO:root:Iteration 383, violation 2.624
INFO:root:Iteration 384, violation 2.643
INFO:root:Iteration 385, violation 2.655
INFO:root:Iteration 386, violation 2.660
INFO:root:Iteration 387, violation 2.659
INFO:root:Iteration 388, violation 2.653
INFO:root:Iteration 389, violation 2.641
INFO:root:Iteration 390, violation 2.624
INFO:root:Iteration 391, violation 2.603
INFO:root:Iteration 392, violation 2.578
INFO:root:Iteration 393, violation 2.548
INFO:root:Iteration 394, violation 2.516
INFO:root:Iteration 395, violation 2.480
INFO:root:Iteration 396, violation 2.516
INFO:root:Iteration 397, violation 2.616
INFO:root:Iteration 398, violation 2.714
INFO:root:Iteration 399, violation 2.808
INFO:root:Iteration 400, violation 2.899
INFO:root:Iteration 401, violation 2.986
INFO:root:Iteration 402, violation 3.068
INFO:root:Iteration 403, violation 3.145
INFO:root:Iteration 404, violation 3.217
INFO:root:Iteration 405, violation 3.284
INFO:root:Iteration 406, violation 3.345
INFO:root:Iteration 407, violation 3.400
INFO:root:Iteration 408, violation 3.448
INFO:root:Iteration 409, violation 3.491
INFO:root:Iteration 410, violation 3.526
INFO:root:Iteration 411, violation 3.555
INFO:root:Iteration 412, violation 3.577
INFO:root:Iteration 413, violation 3.593
INFO:root:Iteration 414, violation 3.601
INFO:root:Iteration 415, violation 3.603
INFO:root:Iteration 416, violation 3.598
INFO:root:Iteration 417, violation 3.586
INFO:root:Iteration 418, violation 3.567
INFO:root:Iteration 419, violation 3.543
INFO:root:Iteration 420, violation 3.511
INFO:root:Iteration 421, violation 3.474
INFO:root:Iteration 422, violation 3.431
INFO:root:Iteration 423, violation 3.382
INFO:root:Iteration 424, violation 3.328
INFO:root:Iteration 425, violation 3.268
INFO:root:Iteration 426, violation 3.204
INFO:root:Iteration 427, violation 3.136
INFO:root:Iteration 428, violation 3.063
INFO:root:Iteration 429, violation 2.987
INFO:root:Iteration 430, violation 2.906
INFO:root:Iteration 431, violation 2.822
INFO:root:Iteration 432, violation 2.735
INFO:root:Iteration 433, violation 2.644
INFO:root:Iteration 434, violation 2.680
INFO:root:Iteration 435, violation 2.886
INFO:root:Iteration 436, violation 3.049
INFO:root:Iteration 437, violation 3.405
INFO:root:Iteration 438, violation 3.512
INFO:root:Iteration 439, violation 3.618
INFO:root:Iteration 440, violation 3.685
INFO:root:Iteration 441, violation 3.712
INFO:root:Iteration 442, violation 3.703
INFO:root:Iteration 443, violation 3.885
INFO:root:Iteration 444, violation 3.850
INFO:root:Iteration 445, violation 3.816
INFO:root:Iteration 446, violation 3.751
INFO:root:Iteration 447, violation 3.658
INFO:root:Iteration 448, violation 3.536
INFO:root:Iteration 449, violation 3.620
INFO:root:Iteration 450, violation 3.494
INFO:root:Iteration 451, violation 3.379
INFO:root:Iteration 452, violation 3.243
INFO:root:Iteration 453, violation 3.085
INFO:root:Iteration 454, violation 2.907
INFO:root:Iteration 455, violation 2.711
INFO:root:Iteration 456, violation 2.746
INFO:root:Iteration 457, violation 2.557
INFO:root:Iteration 458, violation 2.475
INFO:root:Iteration 459, violation 2.476
INFO:root:Iteration 460, violation 2.470
INFO:root:Iteration 461, violation 2.458
INFO:root:Iteration 462, violation 2.439
INFO:root:Iteration 463, violation 2.414
INFO:root:Iteration 464, violation 2.412
INFO:root:Iteration 465, violation 2.455
INFO:root:Iteration 466, violation 2.492
INFO:root:Iteration 467, violation 2.523
INFO:root:Iteration 468, violation 2.546
INFO:root:Iteration 469, violation 2.562
INFO:root:Iteration 470, violation 2.571
INFO:root:Iteration 471, violation 2.573
INFO:root:Iteration 472, violation 2.568
INFO:root:Iteration 473, violation 2.555
INFO:root:Iteration 474, violation 2.535
INFO:root:Iteration 475, violation 2.507
INFO:root:Iteration 476, violation 2.473
INFO:root:Iteration 477, violation 2.431
INFO:root:Iteration 478, violation 2.382
INFO:root:Iteration 479, violation 2.327
INFO:root:Iteration 480, violation 2.265
INFO:root:Iteration 481, violation 2.213
INFO:root:Iteration 482, violation 2.163
INFO:root:Iteration 483, violation 2.108
INFO:root:Iteration 484, violation 2.048
INFO:root:Iteration 485, violation 1.983
INFO:root:Iteration 486, violation 1.914
INFO:root:Iteration 487, violation 1.971
INFO:root:Iteration 488, violation 2.038
INFO:root:Iteration 489, violation 2.100
INFO:root:Iteration 490, violation 2.157
INFO:root:Iteration 491, violation 2.209
INFO:root:Iteration 492, violation 2.256
INFO:root:Iteration 493, violation 2.297
INFO:root:Iteration 494, violation 2.333
INFO:root:Iteration 495, violation 2.364
INFO:root:Iteration 496, violation 2.390
INFO:root:Iteration 497, violation 2.411
INFO:root:Iteration 498, violation 2.427
INFO:root:Iteration 499, violation 2.495
INFO:root:Iteration 500, violation 2.591
INFO:root:Iteration 501, violation 2.685
INFO:root:Iteration 502, violation 2.778
INFO:root:Iteration 503, violation 2.868
INFO:root:Iteration 504, violation 2.956
INFO:root:Iteration 505, violation 3.041
INFO:root:Iteration 506, violation 3.123
INFO:root:Iteration 507, violation 3.201
INFO:root:Iteration 508, violation 3.275
INFO:root:Iteration 509, violation 3.344
INFO:root:Iteration 510, violation 3.409
INFO:root:Iteration 511, violation 3.469
INFO:root:Iteration 512, violation 3.524
INFO:root:Iteration 513, violation 3.572
INFO:root:Iteration 514, violation 3.616
INFO:root:Iteration 515, violation 3.653
INFO:root:Iteration 516, violation 3.683
INFO:root:Iteration 517, violation 3.707
INFO:root:Iteration 518, violation 3.725
INFO:root:Iteration 519, violation 3.736
INFO:root:Iteration 520, violation 3.739
INFO:root:Iteration 521, violation 3.736
INFO:root:Iteration 522, violation 3.726
INFO:root:Iteration 523, violation 3.708
INFO:root:Iteration 524, violation 3.684
INFO:root:Iteration 525, violation 3.653
INFO:root:Iteration 526, violation 3.614
INFO:root:Iteration 527, violation 3.569
INFO:root:Iteration 528, violation 3.518
INFO:root:Iteration 529, violation 3.459
INFO:root:Iteration 530, violation 3.395
INFO:root:Iteration 531, violation 3.324
INFO:root:Iteration 532, violation 3.247
INFO:root:Iteration 533, violation 3.165
INFO:root:Iteration 534, violation 3.077
INFO:root:Iteration 535, violation 2.985
INFO:root:Iteration 536, violation 2.887
INFO:root:Iteration 537, violation 2.785
INFO:root:Iteration 538, violation 2.703
INFO:root:Iteration 539, violation 2.691
INFO:root:Iteration 540, violation 2.675
INFO:root:Iteration 541, violation 2.655
INFO:root:Iteration 542, violation 2.630
INFO:root:Iteration 543, violation 2.601
INFO:root:Iteration 544, violation 2.568
INFO:root:Iteration 545, violation 2.531
INFO:root:Iteration 546, violation 2.490
INFO:root:Iteration 547, violation 2.445
INFO:root:Iteration 548, violation 2.396
INFO:root:Iteration 549, violation 2.344
INFO:root:Iteration 550, violation 2.288
INFO:root:Iteration 551, violation 2.228
INFO:root:Iteration 552, violation 2.165
INFO:root:Iteration 553, violation 2.099
INFO:root:Iteration 554, violation 2.029
INFO:root:Iteration 555, violation 1.956
INFO:root:Iteration 556, violation 1.881
INFO:root:Iteration 557, violation 1.802
INFO:root:Iteration 558, violation 1.721
INFO:root:Iteration 559, violation 1.707
INFO:root:Iteration 560, violation 1.714
INFO:root:Iteration 561, violation 1.717
INFO:root:Iteration 562, violation 1.716
INFO:root:Iteration 563, violation 1.711
INFO:root:Iteration 564, violation 1.702
INFO:root:Iteration 565, violation 1.689
INFO:root:Iteration 566, violation 1.672
INFO:root:Iteration 567, violation 1.650
INFO:root:Iteration 568, violation 1.624
INFO:root:Iteration 569, violation 1.595
INFO:root:Iteration 570, violation 1.560
INFO:root:Iteration 571, violation 1.562
INFO:root:Iteration 572, violation 1.581
INFO:root:Iteration 573, violation 1.596
INFO:root:Iteration 574, violation 1.606
INFO:root:Iteration 575, violation 1.611
INFO:root:Iteration 576, violation 1.612
INFO:root:Iteration 577, violation 1.607
INFO:root:Iteration 578, violation 1.599
INFO:root:Iteration 579, violation 1.585
INFO:root:Iteration 580, violation 1.567
INFO:root:Iteration 581, violation 1.545
INFO:root:Iteration 582, violation 1.518
INFO:root:Iteration 583, violation 1.514
INFO:root:Iteration 584, violation 1.556
INFO:root:Iteration 585, violation 1.596
INFO:root:Iteration 586, violation 1.636
INFO:root:Iteration 587, violation 1.675
INFO:root:Iteration 588, violation 1.713
INFO:root:Iteration 589, violation 1.751
INFO:root:Iteration 590, violation 1.789
INFO:root:Iteration 591, violation 1.826
INFO:root:Iteration 592, violation 1.864
INFO:root:Iteration 593, violation 1.901
INFO:root:Iteration 594, violation 1.938
INFO:root:Iteration 595, violation 1.976
INFO:root:Iteration 596, violation 2.013
INFO:root:Iteration 597, violation 2.051
INFO:root:Iteration 598, violation 2.089
INFO:root:Iteration 599, violation 2.127
INFO:root:Iteration 600, violation 2.164
INFO:root:Iteration 601, violation 2.202
INFO:root:Iteration 602, violation 2.240
INFO:root:Iteration 603, violation 2.277
INFO:root:Iteration 604, violation 2.315
INFO:root:Iteration 605, violation 2.351
INFO:root:Iteration 606, violation 2.388
INFO:root:Iteration 607, violation 2.423
INFO:root:Iteration 608, violation 2.458
INFO:root:Iteration 609, violation 2.492
INFO:root:Iteration 610, violation 2.524
INFO:root:Iteration 611, violation 2.555
INFO:root:Iteration 612, violation 2.585
INFO:root:Iteration 613, violation 2.613
INFO:root:Iteration 614, violation 2.639
INFO:root:Iteration 615, violation 2.663
INFO:root:Iteration 616, violation 2.684
INFO:root:Iteration 617, violation 2.703
INFO:root:Iteration 618, violation 2.720
INFO:root:Iteration 619, violation 2.733
INFO:root:Iteration 620, violation 2.744
INFO:root:Iteration 621, violation 2.751
INFO:root:Iteration 622, violation 2.755
INFO:root:Iteration 623, violation 2.755
INFO:root:Iteration 624, violation 2.752
INFO:root:Iteration 625, violation 2.745
INFO:root:Iteration 626, violation 2.734
INFO:root:Iteration 627, violation 2.718
INFO:root:Iteration 628, violation 2.699
INFO:root:Iteration 629, violation 2.676
INFO:root:Iteration 630, violation 2.649
INFO:root:Iteration 631, violation 2.617
INFO:root:Iteration 632, violation 2.581
INFO:root:Iteration 633, violation 2.541
INFO:root:Iteration 634, violation 2.497
INFO:root:Iteration 635, violation 2.448
INFO:root:Iteration 636, violation 2.396
INFO:root:Iteration 637, violation 2.339
INFO:root:Iteration 638, violation 2.279
INFO:root:Iteration 639, violation 2.215
INFO:root:Iteration 640, violation 2.147
INFO:root:Iteration 641, violation 2.076
INFO:root:Iteration 642, violation 2.001
INFO:root:Iteration 643, violation 1.960
INFO:root:Iteration 644, violation 1.946
INFO:root:Iteration 645, violation 1.930
INFO:root:Iteration 646, violation 1.912
INFO:root:Iteration 647, violation 1.891
INFO:root:Iteration 648, violation 1.867
INFO:root:Iteration 649, violation 1.841
INFO:root:Iteration 650, violation 1.811
INFO:root:Iteration 651, violation 1.781
INFO:root:Iteration 652, violation 1.812
INFO:root:Iteration 653, violation 1.839
INFO:root:Iteration 654, violation 1.861
INFO:root:Iteration 655, violation 1.879
INFO:root:Iteration 656, violation 1.893
INFO:root:Iteration 657, violation 1.903
INFO:root:Iteration 658, violation 1.909
INFO:root:Iteration 659, violation 1.917
INFO:root:Iteration 660, violation 1.925
INFO:root:Iteration 661, violation 1.929
INFO:root:Iteration 662, violation 1.929
INFO:root:Iteration 663, violation 1.957
INFO:root:Iteration 664, violation 1.990
INFO:root:Iteration 665, violation 2.018
INFO:root:Iteration 666, violation 2.040
INFO:root:Iteration 667, violation 2.057
INFO:root:Iteration 668, violation 2.068
INFO:root:Iteration 669, violation 2.073
INFO:root:Iteration 670, violation 2.073
INFO:root:Iteration 671, violation 2.068
INFO:root:Iteration 672, violation 2.057
INFO:root:Iteration 673, violation 2.041
INFO:root:Iteration 674, violation 2.020
INFO:root:Iteration 675, violation 1.994
INFO:root:Iteration 676, violation 1.964
INFO:root:Iteration 677, violation 1.929
INFO:root:Iteration 678, violation 1.890
INFO:root:Iteration 679, violation 1.847
INFO:root:Iteration 680, violation 1.801
INFO:root:Iteration 681, violation 1.752
INFO:root:Iteration 682, violation 1.699
INFO:root:Iteration 683, violation 1.645
INFO:root:Iteration 684, violation 1.587
INFO:root:Iteration 685, violation 1.528
INFO:root:Iteration 686, violation 1.467
INFO:root:Iteration 687, violation 1.405
INFO:root:Iteration 688, violation 1.345
INFO:root:Iteration 689, violation 1.369
INFO:root:Iteration 690, violation 1.392
INFO:root:Iteration 691, violation 1.416
INFO:root:Iteration 692, violation 1.438
INFO:root:Iteration 693, violation 1.484
INFO:root:Iteration 694, violation 1.560
INFO:root:Iteration 695, violation 1.632
INFO:root:Iteration 696, violation 1.700
INFO:root:Iteration 697, violation 1.766
INFO:root:Iteration 698, violation 1.827
INFO:root:Iteration 699, violation 1.886
INFO:root:Iteration 700, violation 1.940
INFO:root:Iteration 701, violation 1.990
INFO:root:Iteration 702, violation 2.036
INFO:root:Iteration 703, violation 2.079
INFO:root:Iteration 704, violation 2.117
INFO:root:Iteration 705, violation 2.150
INFO:root:Iteration 706, violation 2.180
INFO:root:Iteration 707, violation 2.205
INFO:root:Iteration 708, violation 2.226
INFO:root:Iteration 709, violation 2.243
INFO:root:Iteration 710, violation 2.256
INFO:root:Iteration 711, violation 2.265
INFO:root:Iteration 712, violation 2.269
INFO:root:Iteration 713, violation 2.269
INFO:root:Iteration 714, violation 2.266
INFO:root:Iteration 715, violation 2.258
INFO:root:Iteration 716, violation 2.247
INFO:root:Iteration 717, violation 2.232
INFO:root:Iteration 718, violation 2.214
INFO:root:Iteration 719, violation 2.193
INFO:root:Iteration 720, violation 2.168
INFO:root:Iteration 721, violation 2.140
INFO:root:Iteration 722, violation 2.109
INFO:root:Iteration 723, violation 2.076
INFO:root:Iteration 724, violation 2.040
INFO:root:Iteration 725, violation 2.002
INFO:root:Iteration 726, violation 1.962
INFO:root:Iteration 727, violation 1.973
INFO:root:Iteration 728, violation 1.983
INFO:root:Iteration 729, violation 1.991
INFO:root:Iteration 730, violation 1.997
INFO:root:Iteration 731, violation 2.002
INFO:root:Iteration 732, violation 2.004
INFO:root:Iteration 733, violation 2.005
INFO:root:Iteration 734, violation 2.004
INFO:root:Iteration 735, violation 2.000
INFO:root:Iteration 736, violation 1.994
INFO:root:Iteration 737, violation 1.985
INFO:root:Iteration 738, violation 1.974
INFO:root:Iteration 739, violation 1.960
INFO:root:Iteration 740, violation 1.944
INFO:root:Iteration 741, violation 1.924
INFO:root:Iteration 742, violation 1.902
INFO:root:Iteration 743, violation 1.877
INFO:root:Iteration 744, violation 1.860
INFO:root:Iteration 745, violation 1.864
INFO:root:Iteration 746, violation 1.865
INFO:root:Iteration 747, violation 1.863
INFO:root:Iteration 748, violation 1.858
INFO:root:Iteration 749, violation 1.849
INFO:root:Iteration 750, violation 1.838
INFO:root:Iteration 751, violation 1.824
INFO:root:Iteration 752, violation 1.806
INFO:root:Iteration 753, violation 1.785
INFO:root:Iteration 754, violation 1.762
INFO:root:Iteration 755, violation 1.735
INFO:root:Iteration 756, violation 1.705
INFO:root:Iteration 757, violation 1.672
INFO:root:Iteration 758, violation 1.636
INFO:root:Iteration 759, violation 1.598
INFO:root:Iteration 760, violation 1.557
INFO:root:Iteration 761, violation 1.538
INFO:root:Iteration 762, violation 1.517
INFO:root:Iteration 763, violation 1.494
INFO:root:Iteration 764, violation 1.470
INFO:root:Iteration 765, violation 1.443
INFO:root:Iteration 766, violation 1.432
INFO:root:Iteration 767, violation 1.436
INFO:root:Iteration 768, violation 1.437
INFO:root:Iteration 769, violation 1.435
INFO:root:Iteration 770, violation 1.431
INFO:root:Iteration 771, violation 1.425
INFO:root:Iteration 772, violation 1.415
INFO:root:Iteration 773, violation 1.403
INFO:root:Iteration 774, violation 1.389
INFO:root:Iteration 775, violation 1.373
INFO:root:Iteration 776, violation 1.354
INFO:root:Iteration 777, violation 1.333
INFO:root:Iteration 778, violation 1.310
INFO:root:Iteration 779, violation 1.285
INFO:root:Iteration 780, violation 1.258
INFO:root:Iteration 781, violation 1.230
INFO:root:Iteration 782, violation 1.200
INFO:root:Iteration 783, violation 1.184
INFO:root:Iteration 784, violation 1.207
INFO:root:Iteration 785, violation 1.230
INFO:root:Iteration 786, violation 1.251
INFO:root:Iteration 787, violation 1.271
INFO:root:Iteration 788, violation 1.290
INFO:root:Iteration 789, violation 1.307
INFO:root:Iteration 790, violation 1.323
INFO:root:Iteration 791, violation 1.338
INFO:root:Iteration 792, violation 1.352
INFO:root:Iteration 793, violation 1.364
INFO:root:Iteration 794, violation 1.375
INFO:root:Iteration 795, violation 1.384
INFO:root:Iteration 796, violation 1.391
INFO:root:Iteration 797, violation 1.397
INFO:root:Iteration 798, violation 1.402
INFO:root:Iteration 799, violation 1.404
INFO:root:Iteration 800, violation 1.405
INFO:root:Iteration 801, violation 1.404
INFO:root:Iteration 802, violation 1.401
INFO:root:Iteration 803, violation 1.396
INFO:root:Iteration 804, violation 1.394
INFO:root:Iteration 805, violation 1.416
INFO:root:Iteration 806, violation 1.438
INFO:root:Iteration 807, violation 1.458
INFO:root:Iteration 808, violation 1.477
INFO:root:Iteration 809, violation 1.495
INFO:root:Iteration 810, violation 1.513
INFO:root:Iteration 811, violation 1.530
INFO:root:Iteration 812, violation 1.546
INFO:root:Iteration 813, violation 1.561
INFO:root:Iteration 814, violation 1.576
INFO:root:Iteration 815, violation 1.590
INFO:root:Iteration 816, violation 1.603
INFO:root:Iteration 817, violation 1.617
INFO:root:Iteration 818, violation 1.629
INFO:root:Iteration 819, violation 1.641
INFO:root:Iteration 820, violation 1.653
INFO:root:Iteration 821, violation 1.664
INFO:root:Iteration 822, violation 1.674
INFO:root:Iteration 823, violation 1.684
INFO:root:Iteration 824, violation 1.694
INFO:root:Iteration 825, violation 1.704
INFO:root:Iteration 826, violation 1.722
INFO:root:Iteration 827, violation 1.737
INFO:root:Iteration 828, violation 1.749
INFO:root:Iteration 829, violation 1.758
INFO:root:Iteration 830, violation 1.764
INFO:root:Iteration 831, violation 1.766
INFO:root:Iteration 832, violation 1.766
INFO:root:Iteration 833, violation 1.763
INFO:root:Iteration 834, violation 1.758
INFO:root:Iteration 835, violation 1.755
INFO:root:Iteration 836, violation 1.755
INFO:root:Iteration 837, violation 1.754
INFO:root:Iteration 838, violation 1.752
INFO:root:Iteration 839, violation 1.748
INFO:root:Iteration 840, violation 1.743
INFO:root:Iteration 841, violation 1.736
INFO:root:Iteration 842, violation 1.728
INFO:root:Iteration 843, violation 1.718
INFO:root:Iteration 844, violation 1.707
INFO:root:Iteration 845, violation 1.694
INFO:root:Iteration 846, violation 1.679
INFO:root:Iteration 847, violation 1.662
INFO:root:Iteration 848, violation 1.644
INFO:root:Iteration 849, violation 1.623
INFO:root:Iteration 850, violation 1.601
INFO:root:Iteration 851, violation 1.577
INFO:root:Iteration 852, violation 1.575
INFO:root:Iteration 853, violation 1.584
INFO:root:Iteration 854, violation 1.590
INFO:root:Iteration 855, violation 1.594
INFO:root:Iteration 856, violation 1.595
INFO:root:Iteration 857, violation 1.594
INFO:root:Iteration 858, violation 1.591
INFO:root:Iteration 859, violation 1.585
INFO:root:Iteration 860, violation 1.577
INFO:root:Iteration 861, violation 1.567
INFO:root:Iteration 862, violation 1.554
INFO:root:Iteration 863, violation 1.538
INFO:root:Iteration 864, violation 1.521
INFO:root:Iteration 865, violation 1.500
INFO:root:Iteration 866, violation 1.478
INFO:root:Iteration 867, violation 1.453
INFO:root:Iteration 868, violation 1.426
INFO:root:Iteration 869, violation 1.396
INFO:root:Iteration 870, violation 1.364
INFO:root:Iteration 871, violation 1.330
INFO:root:Iteration 872, violation 1.294
INFO:root:Iteration 873, violation 1.256
INFO:root:Iteration 874, violation 1.215
INFO:root:Iteration 875, violation 1.173
INFO:root:Iteration 876, violation 1.128
INFO:root:Iteration 877, violation 1.086
INFO:root:Iteration 878, violation 1.051
INFO:root:Iteration 879, violation 1.066
INFO:root:Iteration 880, violation 1.080
INFO:root:Iteration 881, violation 1.091
INFO:root:Iteration 882, violation 1.100
INFO:root:Iteration 883, violation 1.106
INFO:root:Iteration 884, violation 1.110
INFO:root:Iteration 885, violation 1.112
INFO:root:Iteration 886, violation 1.111
INFO:root:Iteration 887, violation 1.109
INFO:root:Iteration 888, violation 1.104
INFO:root:Iteration 889, violation 1.096
INFO:root:Iteration 890, violation 1.087
INFO:root:Iteration 891, violation 1.075
INFO:root:Iteration 892, violation 1.062
INFO:root:Iteration 893, violation 1.063
INFO:root:Iteration 894, violation 1.077
INFO:root:Iteration 895, violation 1.089
INFO:root:Iteration 896, violation 1.099
INFO:root:Iteration 897, violation 1.107
INFO:root:Iteration 898, violation 1.113
INFO:root:Iteration 899, violation 1.116
INFO:root:Iteration 900, violation 1.118
INFO:root:Iteration 901, violation 1.117
INFO:root:Iteration 902, violation 1.114
INFO:root:Iteration 903, violation 1.108
INFO:root:Iteration 904, violation 1.101
INFO:root:Iteration 905, violation 1.091
INFO:root:Iteration 906, violation 1.095
INFO:root:Iteration 907, violation 1.116
INFO:root:Iteration 908, violation 1.135
INFO:root:Iteration 909, violation 1.152
INFO:root:Iteration 910, violation 1.175
INFO:root:Iteration 911, violation 1.200
INFO:root:Iteration 912, violation 1.232
INFO:root:Iteration 913, violation 1.270
INFO:root:Iteration 914, violation 1.306
INFO:root:Iteration 915, violation 1.340
INFO:root:Iteration 916, violation 1.372
INFO:root:Iteration 917, violation 1.403
INFO:root:Iteration 918, violation 1.432
INFO:root:Iteration 919, violation 1.458
INFO:root:Iteration 920, violation 1.483
INFO:root:Iteration 921, violation 1.506
INFO:root:Iteration 922, violation 1.527
INFO:root:Iteration 923, violation 1.545
INFO:root:Iteration 924, violation 1.562
INFO:root:Iteration 925, violation 1.577
INFO:root:Iteration 926, violation 1.589
INFO:root:Iteration 927, violation 1.599
INFO:root:Iteration 928, violation 1.614
INFO:root:Iteration 929, violation 1.627
INFO:root:Iteration 930, violation 1.637
INFO:root:Iteration 931, violation 1.644
INFO:root:Iteration 932, violation 1.648
INFO:root:Iteration 933, violation 1.650
INFO:root:Iteration 934, violation 1.648
INFO:root:Iteration 935, violation 1.645
INFO:root:Iteration 936, violation 1.638
INFO:root:Iteration 937, violation 1.628
INFO:root:Iteration 938, violation 1.617
INFO:root:Iteration 939, violation 1.602
INFO:root:Iteration 940, violation 1.592
INFO:root:Iteration 941, violation 1.596
INFO:root:Iteration 942, violation 1.599
INFO:root:Iteration 943, violation 1.602
INFO:root:Iteration 944, violation 1.604
INFO:root:Iteration 945, violation 1.604
INFO:root:Iteration 946, violation 1.604
INFO:root:Iteration 947, violation 1.603
INFO:root:Iteration 948, violation 1.600
INFO:root:Iteration 949, violation 1.596
INFO:root:Iteration 950, violation 1.592
INFO:root:Iteration 951, violation 1.586
INFO:root:Iteration 952, violation 1.578
INFO:root:Iteration 953, violation 1.570
INFO:root:Iteration 954, violation 1.559
INFO:root:Iteration 955, violation 1.548
INFO:root:Iteration 956, violation 1.535
INFO:root:Iteration 957, violation 1.520
INFO:root:Iteration 958, violation 1.504
INFO:root:Iteration 959, violation 1.486
INFO:root:Iteration 960, violation 1.467
INFO:root:Iteration 961, violation 1.446
INFO:root:Iteration 962, violation 1.423
INFO:root:Iteration 963, violation 1.399
INFO:root:Iteration 964, violation 1.372
INFO:root:Iteration 965, violation 1.345
INFO:root:Iteration 966, violation 1.315
INFO:root:Iteration 967, violation 1.284
INFO:root:Iteration 968, violation 1.251
INFO:root:Iteration 969, violation 1.216
INFO:root:Iteration 970, violation 1.180
INFO:root:Iteration 971, violation 1.142
INFO:root:Iteration 972, violation 1.102
INFO:root:Iteration 973, violation 1.061
INFO:root:Iteration 974, violation 1.048
INFO:root:Iteration 975, violation 1.034
INFO:root:Iteration 976, violation 1.018
INFO:root:Iteration 977, violation 0.999
INFO:root:Iteration 978, violation 0.992
INFO:root:Iteration 979, violation 1.035
INFO:root:Iteration 980, violation 1.076
INFO:root:Iteration 981, violation 1.116
INFO:root:Iteration 982, violation 1.153
INFO:root:Iteration 983, violation 1.189
INFO:root:Iteration 984, violation 1.222
INFO:root:Iteration 985, violation 1.253
INFO:root:Iteration 986, violation 1.282
INFO:root:Iteration 987, violation 1.309
INFO:root:Iteration 988, violation 1.333
INFO:root:Iteration 989, violation 1.354
INFO:root:Iteration 990, violation 1.373
INFO:root:Iteration 991, violation 1.389
INFO:root:Iteration 992, violation 1.403
INFO:root:Iteration 993, violation 1.414
INFO:root:Iteration 994, violation 1.422
INFO:root:Iteration 995, violation 1.428
INFO:root:Iteration 996, violation 1.431
INFO:root:Iteration 997, violation 1.431
INFO:root:Iteration 998, violation 1.428
INFO:root:Iteration 999, violation 1.422
INFO:root:iteration=1, cost value=398050.46838, tau=0.00500
INFO:root:max slack = 3658974.93596
